2014/10/29 18:12:12 [error] [exception.CHttpException.404] exception 'CHttpException' with message 'Unable to resolve the request "user".' in /var/www/html/yii/framework/web/CWebApplication.php:286
Stack trace:
#0 /var/www/html/yii/framework/web/CWebApplication.php(141): CWebApplication->runController('user')
#1 /var/www/html/yii/framework/base/CApplication.php(180): CWebApplication->processRequest()
#2 /var/www/html/smartbullet/index.php(13): CApplication->run()
#3 {main}
REQUEST_URI=/smartbullet/index.php?r=user
---
2014/10/29 18:15:44 [error] [exception.CDbException] exception 'CDbException' with message 'CDbConnection failed to open the DB connection: SQLSTATE[42000] [1049] Unknown database 'testdrive'' in /var/www/html/yii/framework/db/CDbConnection.php:382
Stack trace:
#0 /var/www/html/yii/framework/db/CDbConnection.php(330): CDbConnection->open()
#1 /var/www/html/yii/framework/db/CDbConnection.php(308): CDbConnection->setActive(true)
#2 /var/www/html/yii/framework/base/CModule.php(387): CDbConnection->init()
#3 /var/www/html/yii/framework/base/CModule.php(103): CModule->getComponent('db')
#4 /var/www/html/yii/framework/gii/generators/model/ModelCode.php(60): CModule->__get('db')
#5 /var/www/html/yii/framework/web/CFormModel.php(39): ModelCode->init()
#6 /var/www/html/yii/framework/gii/CCodeGenerator.php(153): CFormModel->__construct()
#7 /var/www/html/yii/framework/gii/CCodeGenerator.php(63): CCodeGenerator->prepare()
#8 /var/www/html/yii/framework/web/actions/CInlineAction.php(49): CCodeGenerator->actionIndex()
#9 /var/www/html/yii/framework/web/CController.php(308): CInlineAction->runWithParams(Array)
#10 /var/www/html/yii/framework/web/CController.php(286): CController->runAction(Object(CInlineAction))
#11 /var/www/html/yii/framework/web/CController.php(265): CController->runActionWithFilters(Object(CInlineAction), Array)
#12 /var/www/html/yii/framework/web/CWebApplication.php(282): CController->run('index')
#13 /var/www/html/yii/framework/web/CWebApplication.php(141): CWebApplication->runController('gii/model/index')
#14 /var/www/html/yii/framework/base/CApplication.php(180): CWebApplication->processRequest()
#15 /var/www/html/smartbullet/index.php(13): CApplication->run()
#16 {main}
REQUEST_URI=/smartbullet/index.php?r=gii/model/index
HTTP_REFERER=http://localhost/smartbullet/index.php?r=gii/default/index
---
2014/10/29 18:24:36 [error] [exception.CHttpException.404] exception 'CHttpException' with message 'The system is unable to find the requested action "1".' in /var/www/html/yii/framework/web/CController.php:483
Stack trace:
#0 /var/www/html/yii/framework/web/CController.php(270): CController->missingAction('1')
#1 /var/www/html/yii/framework/web/CWebApplication.php(282): CController->run('1')
#2 /var/www/html/yii/framework/web/CWebApplication.php(141): CWebApplication->runController('user/1')
#3 /var/www/html/yii/framework/base/CApplication.php(180): CWebApplication->processRequest()
#4 /var/www/html/smartbullet/index.php(13): CApplication->run()
#5 {main}
REQUEST_URI=/smartbullet/index.php?r=user/1
---
2014/10/29 18:24:55 [error] [exception.CHttpException.404] exception 'CHttpException' with message 'The system is unable to find the requested action "1".' in /var/www/html/yii/framework/web/CController.php:483
Stack trace:
#0 /var/www/html/yii/framework/web/CController.php(270): CController->missingAction('1')
#1 /var/www/html/yii/framework/web/CWebApplication.php(282): CController->run('1')
#2 /var/www/html/yii/framework/web/CWebApplication.php(141): CWebApplication->runController('user/1')
#3 /var/www/html/yii/framework/base/CApplication.php(180): CWebApplication->processRequest()
#4 /var/www/html/smartbullet/index.php(13): CApplication->run()
#5 {main}
REQUEST_URI=/smartbullet/index.php?r=user/1
---
2014/10/29 18:27:13 [error] [exception.CHttpException.404] exception 'CHttpException' with message 'The system is unable to find the requested action "1".' in /var/www/html/yii/framework/web/CController.php:483
Stack trace:
#0 /var/www/html/yii/framework/web/CController.php(270): CController->missingAction('1')
#1 /var/www/html/yii/framework/web/CWebApplication.php(282): CController->run('1')
#2 /var/www/html/yii/framework/web/CWebApplication.php(141): CWebApplication->runController('user/1')
#3 /var/www/html/yii/framework/base/CApplication.php(180): CWebApplication->processRequest()
#4 /var/www/html/smartbullet/index.php(13): CApplication->run()
#5 {main}
REQUEST_URI=/smartbullet/index.php?r=user/1
---
2014/10/29 18:27:48 [error] [exception.CHttpException.404] exception 'CHttpException' with message 'The system is unable to find the requested action "1".' in /var/www/html/yii/framework/web/CController.php:483
Stack trace:
#0 /var/www/html/yii/framework/web/CController.php(270): CController->missingAction('1')
#1 /var/www/html/yii/framework/web/CWebApplication.php(282): CController->run('1')
#2 /var/www/html/yii/framework/web/CWebApplication.php(141): CWebApplication->runController('user/1')
#3 /var/www/html/yii/framework/base/CApplication.php(180): CWebApplication->processRequest()
#4 /var/www/html/smartbullet/index.php(13): CApplication->run()
#5 {main}
REQUEST_URI=/smartbullet/index.php?r=user/1
---
2014/10/29 18:35:16 [error] [system.db.CDbCommand] CDbCommand::fetchAll() failed: SQLSTATE[42S02]: Base table or view not found: 1146 Table 'smartbullet.smart_user' doesn't exist. The SQL statement executed was: SHOW FULL COLUMNS FROM `smart_user`.
in /var/www/html/smartbullet/index.php (13)
2014/10/29 18:35:20 [error] [system.db.CDbCommand] CDbCommand::fetchAll() failed: SQLSTATE[42S02]: Base table or view not found: 1146 Table 'smartbullet.smart_user' doesn't exist. The SQL statement executed was: SHOW FULL COLUMNS FROM `smart_user`.
in /var/www/html/smartbullet/index.php (13)
2014/10/29 18:42:21 [error] [system.db.CDbCommand] CDbCommand::fetch() failed: SQLSTATE[42S22]: Column not found: 1054 Unknown column 'username' in 'where clause'. The SQL statement executed was: SELECT * FROM `user` `t` WHERE LOWER(username)=? LIMIT 1.
in /var/www/html/smartbullet/protected/components/UserIdentity.php (22)
in /var/www/html/smartbullet/protected/models/LoginForm.php (52)
in /var/www/html/smartbullet/protected/controllers/SiteController.php (94)
2014/10/29 18:42:21 [error] [exception.CDbException] exception 'CDbException' with message 'CDbCommand failed to execute the SQL statement: SQLSTATE[42S22]: Column not found: 1054 Unknown column 'username' in 'where clause'. The SQL statement executed was: SELECT * FROM `user` `t` WHERE LOWER(username)=? LIMIT 1' in /var/www/html/yii/framework/db/CDbCommand.php:543
Stack trace:
#0 /var/www/html/yii/framework/db/CDbCommand.php(415): CDbCommand->queryInternal('fetch', Array, Array)
#1 /var/www/html/yii/framework/db/ar/CActiveRecord.php(1351): CDbCommand->queryRow()
#2 /var/www/html/yii/framework/db/ar/CActiveRecord.php(1456): CActiveRecord->query(Object(CDbCriteria))
#3 /var/www/html/smartbullet/protected/components/UserIdentity.php(22): CActiveRecord->find('LOWER(username)...', Array)
#4 /var/www/html/smartbullet/protected/models/LoginForm.php(52): UserIdentity->authenticate()
#5 /var/www/html/yii/framework/validators/CInlineValidator.php(42): LoginForm->authenticate('password', Array)
#6 /var/www/html/yii/framework/validators/CValidator.php(213): CInlineValidator->validateAttribute(Object(LoginForm), 'password')
#7 /var/www/html/yii/framework/base/CModel.php(159): CValidator->validate(Object(LoginForm), NULL)
#8 /var/www/html/smartbullet/protected/controllers/SiteController.php(94): CModel->validate()
#9 /var/www/html/yii/framework/web/actions/CInlineAction.php(49): SiteController->actionLogin()
#10 /var/www/html/yii/framework/web/CController.php(308): CInlineAction->runWithParams(Array)
#11 /var/www/html/yii/framework/web/CController.php(286): CController->runAction(Object(CInlineAction))
#12 /var/www/html/yii/framework/web/CController.php(265): CController->runActionWithFilters(Object(CInlineAction), Array)
#13 /var/www/html/yii/framework/web/CWebApplication.php(282): CController->run('login')
#14 /var/www/html/yii/framework/web/CWebApplication.php(141): CWebApplication->runController('site/login')
#15 /var/www/html/yii/framework/base/CApplication.php(180): CWebApplication->processRequest()
#16 /var/www/html/smartbullet/index.php(13): CApplication->run()
#17 {main}
REQUEST_URI=/smartbullet/index.php?r=site/login
HTTP_REFERER=http://localhost/smartbullet/index.php?r=site/login
---
2014/10/29 18:43:14 [error] [exception.CException] exception 'CException' with message 'User and its behaviors do not have a method or closure named "validatePassword".' in /var/www/html/yii/framework/base/CComponent.php:266
Stack trace:
#0 /var/www/html/yii/framework/db/ar/CActiveRecord.php(227): CComponent->__call('validatePasswor...', Array)
#1 /var/www/html/smartbullet/protected/components/UserIdentity.php(25): CActiveRecord->__call('validatePasswor...', Array)
#2 /var/www/html/smartbullet/protected/components/UserIdentity.php(25): User->validatePassword('password')
#3 /var/www/html/smartbullet/protected/models/LoginForm.php(52): UserIdentity->authenticate()
#4 /var/www/html/yii/framework/validators/CInlineValidator.php(42): LoginForm->authenticate('password', Array)
#5 /var/www/html/yii/framework/validators/CValidator.php(213): CInlineValidator->validateAttribute(Object(LoginForm), 'password')
#6 /var/www/html/yii/framework/base/CModel.php(159): CValidator->validate(Object(LoginForm), NULL)
#7 /var/www/html/smartbullet/protected/controllers/SiteController.php(94): CModel->validate()
#8 /var/www/html/yii/framework/web/actions/CInlineAction.php(49): SiteController->actionLogin()
#9 /var/www/html/yii/framework/web/CController.php(308): CInlineAction->runWithParams(Array)
#10 /var/www/html/yii/framework/web/CController.php(286): CController->runAction(Object(CInlineAction))
#11 /var/www/html/yii/framework/web/CController.php(265): CController->runActionWithFilters(Object(CInlineAction), Array)
#12 /var/www/html/yii/framework/web/CWebApplication.php(282): CController->run('login')
#13 /var/www/html/yii/framework/web/CWebApplication.php(141): CWebApplication->runController('site/login')
#14 /var/www/html/yii/framework/base/CApplication.php(180): CWebApplication->processRequest()
#15 /var/www/html/smartbullet/index.php(13): CApplication->run()
#16 {main}
REQUEST_URI=/smartbullet/index.php?r=site/login
HTTP_REFERER=http://localhost/smartbullet/index.php?r=site/login
---
2014/10/29 18:43:51 [error] [exception.CHttpException.404] exception 'CHttpException' with message 'The system is unable to find the requested action "1".' in /var/www/html/yii/framework/web/CController.php:483
Stack trace:
#0 /var/www/html/yii/framework/web/CController.php(270): CController->missingAction('1')
#1 /var/www/html/yii/framework/web/CWebApplication.php(282): CController->run('1')
#2 /var/www/html/yii/framework/web/CWebApplication.php(141): CWebApplication->runController('user/1')
#3 /var/www/html/yii/framework/base/CApplication.php(180): CWebApplication->processRequest()
#4 /var/www/html/smartbullet/index.php(13): CApplication->run()
#5 {main}
REQUEST_URI=/smartbullet/index.php?r=user/1
---
2014/10/29 20:05:42 [error] [exception.CHttpException.404] exception 'CHttpException' with message 'The requested page does not exist.' in /var/www/html/smartbullet/protected/controllers/UserController.php:157
Stack trace:
#0 /var/www/html/smartbullet/protected/controllers/UserController.php(55): UserController->loadModel('2')
#1 [internal function]: UserController->actionView('2')
#2 /var/www/html/yii/framework/web/actions/CAction.php(108): ReflectionMethod->invokeArgs(Object(UserController), Array)
#3 /var/www/html/yii/framework/web/actions/CInlineAction.php(47): CAction->runWithParamsInternal(Object(UserController), Object(ReflectionMethod), Array)
#4 /var/www/html/yii/framework/web/CController.php(308): CInlineAction->runWithParams(Array)
#5 /var/www/html/yii/framework/web/filters/CFilterChain.php(133): CController->runAction(Object(CInlineAction))
#6 /var/www/html/yii/framework/web/filters/CFilter.php(40): CFilterChain->run()
#7 /var/www/html/yii/framework/web/CController.php(1145): CFilter->filter(Object(CFilterChain))
#8 /var/www/html/yii/framework/web/filters/CInlineFilter.php(58): CController->filterAccessControl(Object(CFilterChain))
#9 /var/www/html/yii/framework/web/filters/CFilterChain.php(130): CInlineFilter->filter(Object(CFilterChain))
#10 /var/www/html/yii/framework/web/CController.php(291): CFilterChain->run()
#11 /var/www/html/yii/framework/web/CController.php(265): CController->runActionWithFilters(Object(CInlineAction), Array)
#12 /var/www/html/yii/framework/web/CWebApplication.php(282): CController->run('view')
#13 /var/www/html/yii/framework/web/CWebApplication.php(141): CWebApplication->runController('user/view')
#14 /var/www/html/yii/framework/base/CApplication.php(180): CWebApplication->processRequest()
#15 /var/www/html/smartbullet/index.php(13): CApplication->run()
#16 {main}
REQUEST_URI=/smartbullet/index.php?r=user/view&id=2
---
2014/10/31 18:26:32 [error] [php] Object of class User could not be converted to string (/var/www/html/smartbullet/protected/views/user/view.php:105)
Stack trace:
#0 /var/www/html/yii/framework/web/CController.php(869): UserController->renderFile()
#1 /var/www/html/yii/framework/web/CController.php(782): UserController->renderPartial()
#2 /var/www/html/smartbullet/protected/controllers/UserController.php(56): UserController->render()
#3 unknown(0): UserController->actionView()
#4 /var/www/html/yii/framework/web/actions/CAction.php(108): ReflectionMethod->invokeArgs()
#5 /var/www/html/yii/framework/web/actions/CInlineAction.php(47): CInlineAction->runWithParamsInternal()
#6 /var/www/html/yii/framework/web/CController.php(308): CInlineAction->runWithParams()
#7 /var/www/html/yii/framework/web/filters/CFilterChain.php(133): UserController->runAction()
#8 /var/www/html/yii/framework/web/filters/CFilter.php(40): CFilterChain->run()
#9 /var/www/html/yii/framework/web/CController.php(1145): CAccessControlFilter->filter()
#10 /var/www/html/yii/framework/web/filters/CInlineFilter.php(58): UserController->filterAccessControl()
#11 /var/www/html/yii/framework/web/filters/CFilterChain.php(130): CInlineFilter->filter()
#12 /var/www/html/yii/framework/web/CController.php(291): CFilterChain->run()
#13 /var/www/html/yii/framework/web/CController.php(265): UserController->runActionWithFilters()
#14 /var/www/html/yii/framework/web/CWebApplication.php(282): UserController->run()
#15 /var/www/html/yii/framework/web/CWebApplication.php(141): CWebApplication->runController()
#16 /var/www/html/yii/framework/base/CApplication.php(180): CWebApplication->processRequest()
#17 /var/www/html/smartbullet/index.php(13): CWebApplication->run()
REQUEST_URI=/smartbullet/index.php?r=user/view&id=1
in /var/www/html/smartbullet/protected/views/user/view.php (105)
in /var/www/html/smartbullet/protected/controllers/UserController.php (56)
in /var/www/html/smartbullet/index.php (13)
2014/10/31 18:43:11 [error] [php] Undefined variable: data (/var/www/html/smartbullet/protected/views/user/view.php:116)
Stack trace:
#0 /var/www/html/yii/framework/web/CController.php(869): UserController->renderFile()
#1 /var/www/html/yii/framework/web/CController.php(782): UserController->renderPartial()
#2 /var/www/html/smartbullet/protected/controllers/UserController.php(56): UserController->render()
#3 unknown(0): UserController->actionView()
#4 /var/www/html/yii/framework/web/actions/CAction.php(108): ReflectionMethod->invokeArgs()
#5 /var/www/html/yii/framework/web/actions/CInlineAction.php(47): CInlineAction->runWithParamsInternal()
#6 /var/www/html/yii/framework/web/CController.php(308): CInlineAction->runWithParams()
#7 /var/www/html/yii/framework/web/filters/CFilterChain.php(133): UserController->runAction()
#8 /var/www/html/yii/framework/web/filters/CFilter.php(40): CFilterChain->run()
#9 /var/www/html/yii/framework/web/CController.php(1145): CAccessControlFilter->filter()
#10 /var/www/html/yii/framework/web/filters/CInlineFilter.php(58): UserController->filterAccessControl()
#11 /var/www/html/yii/framework/web/filters/CFilterChain.php(130): CInlineFilter->filter()
#12 /var/www/html/yii/framework/web/CController.php(291): CFilterChain->run()
#13 /var/www/html/yii/framework/web/CController.php(265): UserController->runActionWithFilters()
#14 /var/www/html/yii/framework/web/CWebApplication.php(282): UserController->run()
#15 /var/www/html/yii/framework/web/CWebApplication.php(141): CWebApplication->runController()
#16 /var/www/html/yii/framework/base/CApplication.php(180): CWebApplication->processRequest()
#17 /var/www/html/smartbullet/index.php(13): CWebApplication->run()
REQUEST_URI=/smartbullet/index.php?r=user/view&id=1
in /var/www/html/smartbullet/protected/views/user/view.php (116)
in /var/www/html/smartbullet/protected/controllers/UserController.php (56)
in /var/www/html/smartbullet/index.php (13)
2014/10/31 18:53:53 [error] [php] Undefined variable: model (/var/www/html/smartbullet/protected/views/layouts/column2.php:24)
Stack trace:
#0 /var/www/html/yii/framework/web/CController.php(784): UserController->renderFile()
#1 /var/www/html/smartbullet/protected/controllers/UserController.php(56): UserController->render()
#2 unknown(0): UserController->actionView()
#3 /var/www/html/yii/framework/web/actions/CAction.php(108): ReflectionMethod->invokeArgs()
#4 /var/www/html/yii/framework/web/actions/CInlineAction.php(47): CInlineAction->runWithParamsInternal()
#5 /var/www/html/yii/framework/web/CController.php(308): CInlineAction->runWithParams()
#6 /var/www/html/yii/framework/web/filters/CFilterChain.php(133): UserController->runAction()
#7 /var/www/html/yii/framework/web/filters/CFilter.php(40): CFilterChain->run()
#8 /var/www/html/yii/framework/web/CController.php(1145): CAccessControlFilter->filter()
#9 /var/www/html/yii/framework/web/filters/CInlineFilter.php(58): UserController->filterAccessControl()
#10 /var/www/html/yii/framework/web/filters/CFilterChain.php(130): CInlineFilter->filter()
#11 /var/www/html/yii/framework/web/CController.php(291): CFilterChain->run()
#12 /var/www/html/yii/framework/web/CController.php(265): UserController->runActionWithFilters()
#13 /var/www/html/yii/framework/web/CWebApplication.php(282): UserController->run()
#14 /var/www/html/yii/framework/web/CWebApplication.php(141): CWebApplication->runController()
#15 /var/www/html/yii/framework/base/CApplication.php(180): CWebApplication->processRequest()
#16 /var/www/html/smartbullet/index.php(13): CWebApplication->run()
REQUEST_URI=/smartbullet/index.php?r=user/view&id=1
in /var/www/html/smartbullet/protected/views/layouts/column2.php (24)
in /var/www/html/smartbullet/protected/controllers/UserController.php (56)
in /var/www/html/smartbullet/index.php (13)
2014/10/31 18:55:28 [error] [php] Undefined variable: model (/var/www/html/smartbullet/protected/views/layouts/column2.php:29)
Stack trace:
#0 /var/www/html/yii/framework/web/CController.php(784): UserController->renderFile()
#1 /var/www/html/smartbullet/protected/controllers/UserController.php(56): UserController->render()
#2 unknown(0): UserController->actionView()
#3 /var/www/html/yii/framework/web/actions/CAction.php(108): ReflectionMethod->invokeArgs()
#4 /var/www/html/yii/framework/web/actions/CInlineAction.php(47): CInlineAction->runWithParamsInternal()
#5 /var/www/html/yii/framework/web/CController.php(308): CInlineAction->runWithParams()
#6 /var/www/html/yii/framework/web/filters/CFilterChain.php(133): UserController->runAction()
#7 /var/www/html/yii/framework/web/filters/CFilter.php(40): CFilterChain->run()
#8 /var/www/html/yii/framework/web/CController.php(1145): CAccessControlFilter->filter()
#9 /var/www/html/yii/framework/web/filters/CInlineFilter.php(58): UserController->filterAccessControl()
#10 /var/www/html/yii/framework/web/filters/CFilterChain.php(130): CInlineFilter->filter()
#11 /var/www/html/yii/framework/web/CController.php(291): CFilterChain->run()
#12 /var/www/html/yii/framework/web/CController.php(265): UserController->runActionWithFilters()
#13 /var/www/html/yii/framework/web/CWebApplication.php(282): UserController->run()
#14 /var/www/html/yii/framework/web/CWebApplication.php(141): CWebApplication->runController()
#15 /var/www/html/yii/framework/base/CApplication.php(180): CWebApplication->processRequest()
#16 /var/www/html/smartbullet/index.php(13): CWebApplication->run()
REQUEST_URI=/smartbullet/index.php?r=user/view&id=1
in /var/www/html/smartbullet/protected/views/layouts/column2.php (29)
in /var/www/html/smartbullet/protected/controllers/UserController.php (56)
in /var/www/html/smartbullet/index.php (13)
2014/11/06 15:24:54 [error] [exception.CHttpException.404] exception 'CHttpException' with message 'The system is unable to find the requested action "1".' in /var/www/html/yii/framework/web/CController.php:483
Stack trace:
#0 /var/www/html/yii/framework/web/CController.php(270): CController->missingAction('1')
#1 /var/www/html/yii/framework/web/CWebApplication.php(282): CController->run('1')
#2 /var/www/html/yii/framework/web/CWebApplication.php(141): CWebApplication->runController('user/1')
#3 /var/www/html/yii/framework/base/CApplication.php(180): CWebApplication->processRequest()
#4 /var/www/html/smartbullet/index.php(13): CApplication->run()
#5 {main}
REQUEST_URI=/smartbullet/?r=user/1
---
2014/11/06 15:25:00 [error] [exception.CHttpException.404] exception 'CHttpException' with message 'The system is unable to find the requested action "1".' in /var/www/html/yii/framework/web/CController.php:483
Stack trace:
#0 /var/www/html/yii/framework/web/CController.php(270): CController->missingAction('1')
#1 /var/www/html/yii/framework/web/CWebApplication.php(282): CController->run('1')
#2 /var/www/html/yii/framework/web/CWebApplication.php(141): CWebApplication->runController('user/1')
#3 /var/www/html/yii/framework/base/CApplication.php(180): CWebApplication->processRequest()
#4 /var/www/html/smartbullet/index.php(13): CApplication->run()
#5 {main}
REQUEST_URI=/smartbullet/?r=user/1
---
2014/11/06 15:25:16 [error] [exception.CHttpException.404] exception 'CHttpException' with message 'The system is unable to find the requested action "1".' in /var/www/html/yii/framework/web/CController.php:483
Stack trace:
#0 /var/www/html/yii/framework/web/CController.php(270): CController->missingAction('1')
#1 /var/www/html/yii/framework/web/CWebApplication.php(282): CController->run('1')
#2 /var/www/html/yii/framework/web/CWebApplication.php(141): CWebApplication->runController('user/1')
#3 /var/www/html/yii/framework/base/CApplication.php(180): CWebApplication->processRequest()
#4 /var/www/html/smartbullet/index.php(13): CApplication->run()
#5 {main}
REQUEST_URI=/smartbullet/?r=user/1
---
2014/11/06 16:01:14 [error] [php] Undefined variable: c (/var/www/html/smartbullet/protected/views/user/_post.php:7)
Stack trace:
#0 /var/www/html/yii/framework/web/CController.php(869): UserController->renderFile()
#1 /var/www/html/smartbullet/protected/views/user/view.php(142): UserController->renderPartial()
#2 /var/www/html/yii/framework/web/CBaseController.php(126): require()
#3 /var/www/html/yii/framework/web/CBaseController.php(95): UserController->renderInternal()
#4 /var/www/html/yii/framework/web/CController.php(869): UserController->renderFile()
#5 /var/www/html/yii/framework/web/CController.php(782): UserController->renderPartial()
#6 /var/www/html/smartbullet/protected/controllers/UserController.php(56): UserController->render()
#7 unknown(0): UserController->actionView()
#8 /var/www/html/yii/framework/web/actions/CAction.php(108): ReflectionMethod->invokeArgs()
#9 /var/www/html/yii/framework/web/actions/CInlineAction.php(47): CInlineAction->runWithParamsInternal()
#10 /var/www/html/yii/framework/web/CController.php(308): CInlineAction->runWithParams()
#11 /var/www/html/yii/framework/web/filters/CFilterChain.php(133): UserController->runAction()
#12 /var/www/html/yii/framework/web/filters/CFilter.php(40): CFilterChain->run()
#13 /var/www/html/yii/framework/web/CController.php(1145): CAccessControlFilter->filter()
#14 /var/www/html/yii/framework/web/filters/CInlineFilter.php(58): UserController->filterAccessControl()
#15 /var/www/html/yii/framework/web/filters/CFilterChain.php(130): CInlineFilter->filter()
#16 /var/www/html/yii/framework/web/CController.php(291): CFilterChain->run()
#17 /var/www/html/yii/framework/web/CController.php(265): UserController->runActionWithFilters()
#18 /var/www/html/yii/framework/web/CWebApplication.php(282): UserController->run()
#19 /var/www/html/yii/framework/web/CWebApplication.php(141): CWebApplication->runController()
#20 /var/www/html/yii/framework/base/CApplication.php(180): CWebApplication->processRequest()
#21 /var/www/html/smartbullet/index.php(13): CWebApplication->run()
REQUEST_URI=/smartbullet/index.php?r=user/view&id=1
in /var/www/html/smartbullet/protected/views/user/_post.php (7)
in /var/www/html/smartbullet/protected/views/user/view.php (142)
in /var/www/html/smartbullet/protected/controllers/UserController.php (56)
2014/11/06 16:08:24 [error] [php] Trying to get property of non-object (/var/www/html/smartbullet/protected/views/user/_post.php:26)
Stack trace:
#0 /var/www/html/yii/framework/web/CController.php(869): UserController->renderFile()
#1 /var/www/html/smartbullet/protected/views/user/view.php(142): UserController->renderPartial()
#2 /var/www/html/yii/framework/web/CBaseController.php(126): require()
#3 /var/www/html/yii/framework/web/CBaseController.php(95): UserController->renderInternal()
#4 /var/www/html/yii/framework/web/CController.php(869): UserController->renderFile()
#5 /var/www/html/yii/framework/web/CController.php(782): UserController->renderPartial()
#6 /var/www/html/smartbullet/protected/controllers/UserController.php(56): UserController->render()
#7 unknown(0): UserController->actionView()
#8 /var/www/html/yii/framework/web/actions/CAction.php(108): ReflectionMethod->invokeArgs()
#9 /var/www/html/yii/framework/web/actions/CInlineAction.php(47): CInlineAction->runWithParamsInternal()
#10 /var/www/html/yii/framework/web/CController.php(308): CInlineAction->runWithParams()
#11 /var/www/html/yii/framework/web/filters/CFilterChain.php(133): UserController->runAction()
#12 /var/www/html/yii/framework/web/filters/CFilter.php(40): CFilterChain->run()
#13 /var/www/html/yii/framework/web/CController.php(1145): CAccessControlFilter->filter()
#14 /var/www/html/yii/framework/web/filters/CInlineFilter.php(58): UserController->filterAccessControl()
#15 /var/www/html/yii/framework/web/filters/CFilterChain.php(130): CInlineFilter->filter()
#16 /var/www/html/yii/framework/web/CController.php(291): CFilterChain->run()
#17 /var/www/html/yii/framework/web/CController.php(265): UserController->runActionWithFilters()
#18 /var/www/html/yii/framework/web/CWebApplication.php(282): UserController->run()
#19 /var/www/html/yii/framework/web/CWebApplication.php(141): CWebApplication->runController()
#20 /var/www/html/yii/framework/base/CApplication.php(180): CWebApplication->processRequest()
#21 /var/www/html/smartbullet/index.php(13): CWebApplication->run()
REQUEST_URI=/smartbullet/index.php?r=user/view&id=1
in /var/www/html/smartbullet/protected/views/user/_post.php (26)
in /var/www/html/smartbullet/protected/views/user/view.php (142)
in /var/www/html/smartbullet/protected/controllers/UserController.php (56)
2014/11/06 16:08:50 [error] [php] Undefined variable: model (/var/www/html/smartbullet/protected/views/user/_post.php:26)
Stack trace:
#0 /var/www/html/yii/framework/web/CController.php(869): UserController->renderFile()
#1 /var/www/html/smartbullet/protected/views/user/view.php(142): UserController->renderPartial()
#2 /var/www/html/yii/framework/web/CBaseController.php(126): require()
#3 /var/www/html/yii/framework/web/CBaseController.php(95): UserController->renderInternal()
#4 /var/www/html/yii/framework/web/CController.php(869): UserController->renderFile()
#5 /var/www/html/yii/framework/web/CController.php(782): UserController->renderPartial()
#6 /var/www/html/smartbullet/protected/controllers/UserController.php(56): UserController->render()
#7 unknown(0): UserController->actionView()
#8 /var/www/html/yii/framework/web/actions/CAction.php(108): ReflectionMethod->invokeArgs()
#9 /var/www/html/yii/framework/web/actions/CInlineAction.php(47): CInlineAction->runWithParamsInternal()
#10 /var/www/html/yii/framework/web/CController.php(308): CInlineAction->runWithParams()
#11 /var/www/html/yii/framework/web/filters/CFilterChain.php(133): UserController->runAction()
#12 /var/www/html/yii/framework/web/filters/CFilter.php(40): CFilterChain->run()
#13 /var/www/html/yii/framework/web/CController.php(1145): CAccessControlFilter->filter()
#14 /var/www/html/yii/framework/web/filters/CInlineFilter.php(58): UserController->filterAccessControl()
#15 /var/www/html/yii/framework/web/filters/CFilterChain.php(130): CInlineFilter->filter()
#16 /var/www/html/yii/framework/web/CController.php(291): CFilterChain->run()
#17 /var/www/html/yii/framework/web/CController.php(265): UserController->runActionWithFilters()
#18 /var/www/html/yii/framework/web/CWebApplication.php(282): UserController->run()
#19 /var/www/html/yii/framework/web/CWebApplication.php(141): CWebApplication->runController()
#20 /var/www/html/yii/framework/base/CApplication.php(180): CWebApplication->processRequest()
#21 /var/www/html/smartbullet/index.php(13): CWebApplication->run()
REQUEST_URI=/smartbullet/index.php?r=user/view&id=1
in /var/www/html/smartbullet/protected/views/user/_post.php (26)
in /var/www/html/smartbullet/protected/views/user/view.php (142)
in /var/www/html/smartbullet/protected/controllers/UserController.php (56)
2014/11/06 16:09:09 [error] [exception.CException] exception 'CException' with message 'Property "User.count" is not defined.' in /var/www/html/yii/framework/base/CComponent.php:130
Stack trace:
#0 /var/www/html/yii/framework/db/ar/CActiveRecord.php(145): CComponent->__get('count')
#1 /var/www/html/smartbullet/protected/views/user/_post.php(26): CActiveRecord->__get('count')
#2 /var/www/html/yii/framework/web/CBaseController.php(126): require('/var/www/html/s...')
#3 /var/www/html/yii/framework/web/CBaseController.php(95): CBaseController->renderInternal('/var/www/html/s...', Array, true)
#4 /var/www/html/yii/framework/web/CController.php(869): CBaseController->renderFile('/var/www/html/s...', Array, true)
#5 /var/www/html/smartbullet/protected/views/user/view.php(142): CController->renderPartial('_post', Array)
#6 /var/www/html/yii/framework/web/CBaseController.php(126): require('/var/www/html/s...')
#7 /var/www/html/yii/framework/web/CBaseController.php(95): CBaseController->renderInternal('/var/www/html/s...', Array, true)
#8 /var/www/html/yii/framework/web/CController.php(869): CBaseController->renderFile('/var/www/html/s...', Array, true)
#9 /var/www/html/yii/framework/web/CController.php(782): CController->renderPartial('view', Array, true)
#10 /var/www/html/smartbullet/protected/controllers/UserController.php(56): CController->render('view', Array)
#11 [internal function]: UserController->actionView('1')
#12 /var/www/html/yii/framework/web/actions/CAction.php(108): ReflectionMethod->invokeArgs(Object(UserController), Array)
#13 /var/www/html/yii/framework/web/actions/CInlineAction.php(47): CAction->runWithParamsInternal(Object(UserController), Object(ReflectionMethod), Array)
#14 /var/www/html/yii/framework/web/CController.php(308): CInlineAction->runWithParams(Array)
#15 /var/www/html/yii/framework/web/filters/CFilterChain.php(133): CController->runAction(Object(CInlineAction))
#16 /var/www/html/yii/framework/web/filters/CFilter.php(40): CFilterChain->run()
#17 /var/www/html/yii/framework/web/CController.php(1145): CFilter->filter(Object(CFilterChain))
#18 /var/www/html/yii/framework/web/filters/CInlineFilter.php(58): CController->filterAccessControl(Object(CFilterChain))
#19 /var/www/html/yii/framework/web/filters/CFilterChain.php(130): CInlineFilter->filter(Object(CFilterChain))
#20 /var/www/html/yii/framework/web/CController.php(291): CFilterChain->run()
#21 /var/www/html/yii/framework/web/CController.php(265): CController->runActionWithFilters(Object(CInlineAction), Array)
#22 /var/www/html/yii/framework/web/CWebApplication.php(282): CController->run('view')
#23 /var/www/html/yii/framework/web/CWebApplication.php(141): CWebApplication->runController('user/view')
#24 /var/www/html/yii/framework/base/CApplication.php(180): CWebApplication->processRequest()
#25 /var/www/html/smartbullet/index.php(13): CApplication->run()
#26 {main}
REQUEST_URI=/smartbullet/index.php?r=user/view&id=1
HTTP_REFERER=http://localhost/smartbullet/?r=user
---
2014/11/06 16:10:00 [error] [php] Trying to get property of non-object (/var/www/html/smartbullet/protected/views/user/_post.php:26)
Stack trace:
#0 /var/www/html/yii/framework/web/CController.php(869): UserController->renderFile()
#1 /var/www/html/smartbullet/protected/views/user/view.php(142): UserController->renderPartial()
#2 /var/www/html/yii/framework/web/CBaseController.php(126): require()
#3 /var/www/html/yii/framework/web/CBaseController.php(95): UserController->renderInternal()
#4 /var/www/html/yii/framework/web/CController.php(869): UserController->renderFile()
#5 /var/www/html/yii/framework/web/CController.php(782): UserController->renderPartial()
#6 /var/www/html/smartbullet/protected/controllers/UserController.php(56): UserController->render()
#7 unknown(0): UserController->actionView()
#8 /var/www/html/yii/framework/web/actions/CAction.php(108): ReflectionMethod->invokeArgs()
#9 /var/www/html/yii/framework/web/actions/CInlineAction.php(47): CInlineAction->runWithParamsInternal()
#10 /var/www/html/yii/framework/web/CController.php(308): CInlineAction->runWithParams()
#11 /var/www/html/yii/framework/web/filters/CFilterChain.php(133): UserController->runAction()
#12 /var/www/html/yii/framework/web/filters/CFilter.php(40): CFilterChain->run()
#13 /var/www/html/yii/framework/web/CController.php(1145): CAccessControlFilter->filter()
#14 /var/www/html/yii/framework/web/filters/CInlineFilter.php(58): UserController->filterAccessControl()
#15 /var/www/html/yii/framework/web/filters/CFilterChain.php(130): CInlineFilter->filter()
#16 /var/www/html/yii/framework/web/CController.php(291): CFilterChain->run()
#17 /var/www/html/yii/framework/web/CController.php(265): UserController->runActionWithFilters()
#18 /var/www/html/yii/framework/web/CWebApplication.php(282): UserController->run()
#19 /var/www/html/yii/framework/web/CWebApplication.php(141): CWebApplication->runController()
#20 /var/www/html/yii/framework/base/CApplication.php(180): CWebApplication->processRequest()
#21 /var/www/html/smartbullet/index.php(13): CWebApplication->run()
REQUEST_URI=/smartbullet/index.php?r=user/view&id=1
in /var/www/html/smartbullet/protected/views/user/_post.php (26)
in /var/www/html/smartbullet/protected/views/user/view.php (142)
in /var/www/html/smartbullet/protected/controllers/UserController.php (56)
2014/11/06 16:16:36 [error] [php] Undefined variable: post (/var/www/html/smartbullet/protected/views/user/view.php:167)
Stack trace:
#0 /var/www/html/yii/framework/web/CController.php(869): UserController->renderFile()
#1 /var/www/html/yii/framework/web/CController.php(782): UserController->renderPartial()
#2 /var/www/html/smartbullet/protected/controllers/UserController.php(56): UserController->render()
#3 unknown(0): UserController->actionView()
#4 /var/www/html/yii/framework/web/actions/CAction.php(108): ReflectionMethod->invokeArgs()
#5 /var/www/html/yii/framework/web/actions/CInlineAction.php(47): CInlineAction->runWithParamsInternal()
#6 /var/www/html/yii/framework/web/CController.php(308): CInlineAction->runWithParams()
#7 /var/www/html/yii/framework/web/filters/CFilterChain.php(133): UserController->runAction()
#8 /var/www/html/yii/framework/web/filters/CFilter.php(40): CFilterChain->run()
#9 /var/www/html/yii/framework/web/CController.php(1145): CAccessControlFilter->filter()
#10 /var/www/html/yii/framework/web/filters/CInlineFilter.php(58): UserController->filterAccessControl()
#11 /var/www/html/yii/framework/web/filters/CFilterChain.php(130): CInlineFilter->filter()
#12 /var/www/html/yii/framework/web/CController.php(291): CFilterChain->run()
#13 /var/www/html/yii/framework/web/CController.php(265): UserController->runActionWithFilters()
#14 /var/www/html/yii/framework/web/CWebApplication.php(282): UserController->run()
#15 /var/www/html/yii/framework/web/CWebApplication.php(141): CWebApplication->runController()
#16 /var/www/html/yii/framework/base/CApplication.php(180): CWebApplication->processRequest()
#17 /var/www/html/smartbullet/index.php(13): CWebApplication->run()
REQUEST_URI=/smartbullet/index.php?r=user/view&id=1
in /var/www/html/smartbullet/protected/views/user/view.php (167)
in /var/www/html/smartbullet/protected/controllers/UserController.php (56)
in /var/www/html/smartbullet/index.php (13)
2014/11/06 16:17:05 [error] [php] Trying to get property of non-object (/var/www/html/smartbullet/protected/views/user/view.php:167)
Stack trace:
#0 /var/www/html/yii/framework/web/CController.php(869): UserController->renderFile()
#1 /var/www/html/yii/framework/web/CController.php(782): UserController->renderPartial()
#2 /var/www/html/smartbullet/protected/controllers/UserController.php(56): UserController->render()
#3 unknown(0): UserController->actionView()
#4 /var/www/html/yii/framework/web/actions/CAction.php(108): ReflectionMethod->invokeArgs()
#5 /var/www/html/yii/framework/web/actions/CInlineAction.php(47): CInlineAction->runWithParamsInternal()
#6 /var/www/html/yii/framework/web/CController.php(308): CInlineAction->runWithParams()
#7 /var/www/html/yii/framework/web/filters/CFilterChain.php(133): UserController->runAction()
#8 /var/www/html/yii/framework/web/filters/CFilter.php(40): CFilterChain->run()
#9 /var/www/html/yii/framework/web/CController.php(1145): CAccessControlFilter->filter()
#10 /var/www/html/yii/framework/web/filters/CInlineFilter.php(58): UserController->filterAccessControl()
#11 /var/www/html/yii/framework/web/filters/CFilterChain.php(130): CInlineFilter->filter()
#12 /var/www/html/yii/framework/web/CController.php(291): CFilterChain->run()
#13 /var/www/html/yii/framework/web/CController.php(265): UserController->runActionWithFilters()
#14 /var/www/html/yii/framework/web/CWebApplication.php(282): UserController->run()
#15 /var/www/html/yii/framework/web/CWebApplication.php(141): CWebApplication->runController()
#16 /var/www/html/yii/framework/base/CApplication.php(180): CWebApplication->processRequest()
#17 /var/www/html/smartbullet/index.php(13): CWebApplication->run()
REQUEST_URI=/smartbullet/index.php?r=user/view&id=1
in /var/www/html/smartbullet/protected/views/user/view.php (167)
in /var/www/html/smartbullet/protected/controllers/UserController.php (56)
in /var/www/html/smartbullet/index.php (13)
2014/11/06 16:18:18 [error] [php] Trying to get property of non-object (/var/www/html/smartbullet/protected/views/user/view.php:167)
Stack trace:
#0 /var/www/html/yii/framework/web/CController.php(869): UserController->renderFile()
#1 /var/www/html/yii/framework/web/CController.php(782): UserController->renderPartial()
#2 /var/www/html/smartbullet/protected/controllers/UserController.php(56): UserController->render()
#3 unknown(0): UserController->actionView()
#4 /var/www/html/yii/framework/web/actions/CAction.php(108): ReflectionMethod->invokeArgs()
#5 /var/www/html/yii/framework/web/actions/CInlineAction.php(47): CInlineAction->runWithParamsInternal()
#6 /var/www/html/yii/framework/web/CController.php(308): CInlineAction->runWithParams()
#7 /var/www/html/yii/framework/web/filters/CFilterChain.php(133): UserController->runAction()
#8 /var/www/html/yii/framework/web/filters/CFilter.php(40): CFilterChain->run()
#9 /var/www/html/yii/framework/web/CController.php(1145): CAccessControlFilter->filter()
#10 /var/www/html/yii/framework/web/filters/CInlineFilter.php(58): UserController->filterAccessControl()
#11 /var/www/html/yii/framework/web/filters/CFilterChain.php(130): CInlineFilter->filter()
#12 /var/www/html/yii/framework/web/CController.php(291): CFilterChain->run()
#13 /var/www/html/yii/framework/web/CController.php(265): UserController->runActionWithFilters()
#14 /var/www/html/yii/framework/web/CWebApplication.php(282): UserController->run()
#15 /var/www/html/yii/framework/web/CWebApplication.php(141): CWebApplication->runController()
#16 /var/www/html/yii/framework/base/CApplication.php(180): CWebApplication->processRequest()
#17 /var/www/html/smartbullet/index.php(13): CWebApplication->run()
REQUEST_URI=/smartbullet/index.php?r=user/view&id=1
in /var/www/html/smartbullet/protected/views/user/view.php (167)
in /var/www/html/smartbullet/protected/controllers/UserController.php (56)
in /var/www/html/smartbullet/index.php (13)
2014/11/06 16:30:49 [error] [php] Undefined variable: p (/var/www/html/smartbullet/protected/views/user/view.php:158)
Stack trace:
#0 /var/www/html/yii/framework/web/CController.php(869): UserController->renderFile()
#1 /var/www/html/yii/framework/web/CController.php(782): UserController->renderPartial()
#2 /var/www/html/smartbullet/protected/controllers/UserController.php(56): UserController->render()
#3 unknown(0): UserController->actionView()
#4 /var/www/html/yii/framework/web/actions/CAction.php(108): ReflectionMethod->invokeArgs()
#5 /var/www/html/yii/framework/web/actions/CInlineAction.php(47): CInlineAction->runWithParamsInternal()
#6 /var/www/html/yii/framework/web/CController.php(308): CInlineAction->runWithParams()
#7 /var/www/html/yii/framework/web/filters/CFilterChain.php(133): UserController->runAction()
#8 /var/www/html/yii/framework/web/filters/CFilter.php(40): CFilterChain->run()
#9 /var/www/html/yii/framework/web/CController.php(1145): CAccessControlFilter->filter()
#10 /var/www/html/yii/framework/web/filters/CInlineFilter.php(58): UserController->filterAccessControl()
#11 /var/www/html/yii/framework/web/filters/CFilterChain.php(130): CInlineFilter->filter()
#12 /var/www/html/yii/framework/web/CController.php(291): CFilterChain->run()
#13 /var/www/html/yii/framework/web/CController.php(265): UserController->runActionWithFilters()
#14 /var/www/html/yii/framework/web/CWebApplication.php(282): UserController->run()
#15 /var/www/html/yii/framework/web/CWebApplication.php(141): CWebApplication->runController()
#16 /var/www/html/yii/framework/base/CApplication.php(180): CWebApplication->processRequest()
#17 /var/www/html/smartbullet/index.php(13): CWebApplication->run()
REQUEST_URI=/smartbullet/index.php?r=user/view&id=1
in /var/www/html/smartbullet/protected/views/user/view.php (158)
in /var/www/html/smartbullet/protected/controllers/UserController.php (56)
in /var/www/html/smartbullet/index.php (13)
2014/11/06 16:31:45 [error] [php] Undefined variable: model (/var/www/html/smartbullet/protected/views/user/_post.php:31)
Stack trace:
#0 /var/www/html/yii/framework/web/CController.php(869): UserController->renderFile()
#1 /var/www/html/smartbullet/protected/views/user/view.php(150): UserController->renderPartial()
#2 /var/www/html/yii/framework/web/CBaseController.php(126): require()
#3 /var/www/html/yii/framework/web/CBaseController.php(95): UserController->renderInternal()
#4 /var/www/html/yii/framework/web/CController.php(869): UserController->renderFile()
#5 /var/www/html/yii/framework/web/CController.php(782): UserController->renderPartial()
#6 /var/www/html/smartbullet/protected/controllers/UserController.php(56): UserController->render()
#7 unknown(0): UserController->actionView()
#8 /var/www/html/yii/framework/web/actions/CAction.php(108): ReflectionMethod->invokeArgs()
#9 /var/www/html/yii/framework/web/actions/CInlineAction.php(47): CInlineAction->runWithParamsInternal()
#10 /var/www/html/yii/framework/web/CController.php(308): CInlineAction->runWithParams()
#11 /var/www/html/yii/framework/web/filters/CFilterChain.php(133): UserController->runAction()
#12 /var/www/html/yii/framework/web/filters/CFilter.php(40): CFilterChain->run()
#13 /var/www/html/yii/framework/web/CController.php(1145): CAccessControlFilter->filter()
#14 /var/www/html/yii/framework/web/filters/CInlineFilter.php(58): UserController->filterAccessControl()
#15 /var/www/html/yii/framework/web/filters/CFilterChain.php(130): CInlineFilter->filter()
#16 /var/www/html/yii/framework/web/CController.php(291): CFilterChain->run()
#17 /var/www/html/yii/framework/web/CController.php(265): UserController->runActionWithFilters()
#18 /var/www/html/yii/framework/web/CWebApplication.php(282): UserController->run()
#19 /var/www/html/yii/framework/web/CWebApplication.php(141): CWebApplication->runController()
#20 /var/www/html/yii/framework/base/CApplication.php(180): CWebApplication->processRequest()
#21 /var/www/html/smartbullet/index.php(13): CWebApplication->run()
REQUEST_URI=/smartbullet/index.php?r=user/view&id=1
in /var/www/html/smartbullet/protected/views/user/_post.php (31)
in /var/www/html/smartbullet/protected/views/user/view.php (150)
in /var/www/html/smartbullet/protected/controllers/UserController.php (56)
2014/11/06 16:44:37 [error] [exception.CException] exception 'CException' with message 'UserController cannot find the requested view "_comments".' in /var/www/html/yii/framework/web/CController.php:878
Stack trace:
#0 /var/www/html/smartbullet/protected/views/user/view.php(175): CController->renderPartial('_comments', Array)
#1 /var/www/html/yii/framework/web/CBaseController.php(126): require('/var/www/html/s...')
#2 /var/www/html/yii/framework/web/CBaseController.php(95): CBaseController->renderInternal('/var/www/html/s...', Array, true)
#3 /var/www/html/yii/framework/web/CController.php(869): CBaseController->renderFile('/var/www/html/s...', Array, true)
#4 /var/www/html/yii/framework/web/CController.php(782): CController->renderPartial('view', Array, true)
#5 /var/www/html/smartbullet/protected/controllers/UserController.php(56): CController->render('view', Array)
#6 [internal function]: UserController->actionView('1')
#7 /var/www/html/yii/framework/web/actions/CAction.php(108): ReflectionMethod->invokeArgs(Object(UserController), Array)
#8 /var/www/html/yii/framework/web/actions/CInlineAction.php(47): CAction->runWithParamsInternal(Object(UserController), Object(ReflectionMethod), Array)
#9 /var/www/html/yii/framework/web/CController.php(308): CInlineAction->runWithParams(Array)
#10 /var/www/html/yii/framework/web/filters/CFilterChain.php(133): CController->runAction(Object(CInlineAction))
#11 /var/www/html/yii/framework/web/filters/CFilter.php(40): CFilterChain->run()
#12 /var/www/html/yii/framework/web/CController.php(1145): CFilter->filter(Object(CFilterChain))
#13 /var/www/html/yii/framework/web/filters/CInlineFilter.php(58): CController->filterAccessControl(Object(CFilterChain))
#14 /var/www/html/yii/framework/web/filters/CFilterChain.php(130): CInlineFilter->filter(Object(CFilterChain))
#15 /var/www/html/yii/framework/web/CController.php(291): CFilterChain->run()
#16 /var/www/html/yii/framework/web/CController.php(265): CController->runActionWithFilters(Object(CInlineAction), Array)
#17 /var/www/html/yii/framework/web/CWebApplication.php(282): CController->run('view')
#18 /var/www/html/yii/framework/web/CWebApplication.php(141): CWebApplication->runController('user/view')
#19 /var/www/html/yii/framework/base/CApplication.php(180): CWebApplication->processRequest()
#20 /var/www/html/smartbullet/index.php(13): CApplication->run()
#21 {main}
REQUEST_URI=/smartbullet/index.php?r=user/view&id=1
HTTP_REFERER=http://localhost/smartbullet/?r=user
---
2014/11/06 16:48:02 [error] [php] Object of class User could not be converted to string (/var/www/html/smartbullet/protected/views/user/_comment.php:4)
Stack trace:
#0 /var/www/html/yii/framework/web/CController.php(869): UserController->renderFile()
#1 /var/www/html/smartbullet/protected/views/user/view.php(175): UserController->renderPartial()
#2 /var/www/html/yii/framework/web/CBaseController.php(126): require()
#3 /var/www/html/yii/framework/web/CBaseController.php(95): UserController->renderInternal()
#4 /var/www/html/yii/framework/web/CController.php(869): UserController->renderFile()
#5 /var/www/html/yii/framework/web/CController.php(782): UserController->renderPartial()
#6 /var/www/html/smartbullet/protected/controllers/UserController.php(56): UserController->render()
#7 unknown(0): UserController->actionView()
#8 /var/www/html/yii/framework/web/actions/CAction.php(108): ReflectionMethod->invokeArgs()
#9 /var/www/html/yii/framework/web/actions/CInlineAction.php(47): CInlineAction->runWithParamsInternal()
#10 /var/www/html/yii/framework/web/CController.php(308): CInlineAction->runWithParams()
#11 /var/www/html/yii/framework/web/filters/CFilterChain.php(133): UserController->runAction()
#12 /var/www/html/yii/framework/web/filters/CFilter.php(40): CFilterChain->run()
#13 /var/www/html/yii/framework/web/CController.php(1145): CAccessControlFilter->filter()
#14 /var/www/html/yii/framework/web/filters/CInlineFilter.php(58): UserController->filterAccessControl()
#15 /var/www/html/yii/framework/web/filters/CFilterChain.php(130): CInlineFilter->filter()
#16 /var/www/html/yii/framework/web/CController.php(291): CFilterChain->run()
#17 /var/www/html/yii/framework/web/CController.php(265): UserController->runActionWithFilters()
#18 /var/www/html/yii/framework/web/CWebApplication.php(282): UserController->run()
#19 /var/www/html/yii/framework/web/CWebApplication.php(141): CWebApplication->runController()
#20 /var/www/html/yii/framework/base/CApplication.php(180): CWebApplication->processRequest()
#21 /var/www/html/smartbullet/index.php(13): CWebApplication->run()
REQUEST_URI=/smartbullet/index.php?r=user/view&id=1
in /var/www/html/smartbullet/protected/views/user/_comment.php (4)
in /var/www/html/smartbullet/protected/views/user/view.php (175)
in /var/www/html/smartbullet/protected/controllers/UserController.php (56)
2014/11/06 16:48:37 [error] [exception.CException] exception 'CException' with message 'Property "Comment.walls" is not defined.' in /var/www/html/yii/framework/base/CComponent.php:130
Stack trace:
#0 /var/www/html/yii/framework/db/ar/CActiveRecord.php(145): CComponent->__get('walls')
#1 /var/www/html/smartbullet/protected/views/user/_comment.php(4): CActiveRecord->__get('walls')
#2 /var/www/html/yii/framework/web/CBaseController.php(126): require('/var/www/html/s...')
#3 /var/www/html/yii/framework/web/CBaseController.php(95): CBaseController->renderInternal('/var/www/html/s...', Array, true)
#4 /var/www/html/yii/framework/web/CController.php(869): CBaseController->renderFile('/var/www/html/s...', Array, true)
#5 /var/www/html/smartbullet/protected/views/user/view.php(175): CController->renderPartial('_comment', Array)
#6 /var/www/html/yii/framework/web/CBaseController.php(126): require('/var/www/html/s...')
#7 /var/www/html/yii/framework/web/CBaseController.php(95): CBaseController->renderInternal('/var/www/html/s...', Array, true)
#8 /var/www/html/yii/framework/web/CController.php(869): CBaseController->renderFile('/var/www/html/s...', Array, true)
#9 /var/www/html/yii/framework/web/CController.php(782): CController->renderPartial('view', Array, true)
#10 /var/www/html/smartbullet/protected/controllers/UserController.php(56): CController->render('view', Array)
#11 [internal function]: UserController->actionView('1')
#12 /var/www/html/yii/framework/web/actions/CAction.php(108): ReflectionMethod->invokeArgs(Object(UserController), Array)
#13 /var/www/html/yii/framework/web/actions/CInlineAction.php(47): CAction->runWithParamsInternal(Object(UserController), Object(ReflectionMethod), Array)
#14 /var/www/html/yii/framework/web/CController.php(308): CInlineAction->runWithParams(Array)
#15 /var/www/html/yii/framework/web/filters/CFilterChain.php(133): CController->runAction(Object(CInlineAction))
#16 /var/www/html/yii/framework/web/filters/CFilter.php(40): CFilterChain->run()
#17 /var/www/html/yii/framework/web/CController.php(1145): CFilter->filter(Object(CFilterChain))
#18 /var/www/html/yii/framework/web/filters/CInlineFilter.php(58): CController->filterAccessControl(Object(CFilterChain))
#19 /var/www/html/yii/framework/web/filters/CFilterChain.php(130): CInlineFilter->filter(Object(CFilterChain))
#20 /var/www/html/yii/framework/web/CController.php(291): CFilterChain->run()
#21 /var/www/html/yii/framework/web/CController.php(265): CController->runActionWithFilters(Object(CInlineAction), Array)
#22 /var/www/html/yii/framework/web/CWebApplication.php(282): CController->run('view')
#23 /var/www/html/yii/framework/web/CWebApplication.php(141): CWebApplication->runController('user/view')
#24 /var/www/html/yii/framework/base/CApplication.php(180): CWebApplication->processRequest()
#25 /var/www/html/smartbullet/index.php(13): CApplication->run()
#26 {main}
REQUEST_URI=/smartbullet/index.php?r=user/view&id=1
HTTP_REFERER=http://localhost/smartbullet/?r=user
---
2014/11/06 16:49:13 [error] [exception.CException] exception 'CException' with message 'Property "Comment.posts" is not defined.' in /var/www/html/yii/framework/base/CComponent.php:130
Stack trace:
#0 /var/www/html/yii/framework/db/ar/CActiveRecord.php(145): CComponent->__get('posts')
#1 /var/www/html/smartbullet/protected/views/user/_comment.php(4): CActiveRecord->__get('posts')
#2 /var/www/html/yii/framework/web/CBaseController.php(126): require('/var/www/html/s...')
#3 /var/www/html/yii/framework/web/CBaseController.php(95): CBaseController->renderInternal('/var/www/html/s...', Array, true)
#4 /var/www/html/yii/framework/web/CController.php(869): CBaseController->renderFile('/var/www/html/s...', Array, true)
#5 /var/www/html/smartbullet/protected/views/user/view.php(175): CController->renderPartial('_comment', Array)
#6 /var/www/html/yii/framework/web/CBaseController.php(126): require('/var/www/html/s...')
#7 /var/www/html/yii/framework/web/CBaseController.php(95): CBaseController->renderInternal('/var/www/html/s...', Array, true)
#8 /var/www/html/yii/framework/web/CController.php(869): CBaseController->renderFile('/var/www/html/s...', Array, true)
#9 /var/www/html/yii/framework/web/CController.php(782): CController->renderPartial('view', Array, true)
#10 /var/www/html/smartbullet/protected/controllers/UserController.php(56): CController->render('view', Array)
#11 [internal function]: UserController->actionView('1')
#12 /var/www/html/yii/framework/web/actions/CAction.php(108): ReflectionMethod->invokeArgs(Object(UserController), Array)
#13 /var/www/html/yii/framework/web/actions/CInlineAction.php(47): CAction->runWithParamsInternal(Object(UserController), Object(ReflectionMethod), Array)
#14 /var/www/html/yii/framework/web/CController.php(308): CInlineAction->runWithParams(Array)
#15 /var/www/html/yii/framework/web/filters/CFilterChain.php(133): CController->runAction(Object(CInlineAction))
#16 /var/www/html/yii/framework/web/filters/CFilter.php(40): CFilterChain->run()
#17 /var/www/html/yii/framework/web/CController.php(1145): CFilter->filter(Object(CFilterChain))
#18 /var/www/html/yii/framework/web/filters/CInlineFilter.php(58): CController->filterAccessControl(Object(CFilterChain))
#19 /var/www/html/yii/framework/web/filters/CFilterChain.php(130): CInlineFilter->filter(Object(CFilterChain))
#20 /var/www/html/yii/framework/web/CController.php(291): CFilterChain->run()
#21 /var/www/html/yii/framework/web/CController.php(265): CController->runActionWithFilters(Object(CInlineAction), Array)
#22 /var/www/html/yii/framework/web/CWebApplication.php(282): CController->run('view')
#23 /var/www/html/yii/framework/web/CWebApplication.php(141): CWebApplication->runController('user/view')
#24 /var/www/html/yii/framework/base/CApplication.php(180): CWebApplication->processRequest()
#25 /var/www/html/smartbullet/index.php(13): CApplication->run()
#26 {main}
REQUEST_URI=/smartbullet/index.php?r=user/view&id=1
HTTP_REFERER=http://localhost/smartbullet/?r=user
---
2014/11/06 16:51:36 [error] [exception.CException] exception 'CException' with message 'UserController cannot find the requested view "//views/comment/view".' in /var/www/html/yii/framework/web/CController.php:878
Stack trace:
#0 /var/www/html/smartbullet/protected/views/user/view.php(175): CController->renderPartial('//views/comment...', Array)
#1 /var/www/html/yii/framework/web/CBaseController.php(126): require('/var/www/html/s...')
#2 /var/www/html/yii/framework/web/CBaseController.php(95): CBaseController->renderInternal('/var/www/html/s...', Array, true)
#3 /var/www/html/yii/framework/web/CController.php(869): CBaseController->renderFile('/var/www/html/s...', Array, true)
#4 /var/www/html/yii/framework/web/CController.php(782): CController->renderPartial('view', Array, true)
#5 /var/www/html/smartbullet/protected/controllers/UserController.php(56): CController->render('view', Array)
#6 [internal function]: UserController->actionView('1')
#7 /var/www/html/yii/framework/web/actions/CAction.php(108): ReflectionMethod->invokeArgs(Object(UserController), Array)
#8 /var/www/html/yii/framework/web/actions/CInlineAction.php(47): CAction->runWithParamsInternal(Object(UserController), Object(ReflectionMethod), Array)
#9 /var/www/html/yii/framework/web/CController.php(308): CInlineAction->runWithParams(Array)
#10 /var/www/html/yii/framework/web/filters/CFilterChain.php(133): CController->runAction(Object(CInlineAction))
#11 /var/www/html/yii/framework/web/filters/CFilter.php(40): CFilterChain->run()
#12 /var/www/html/yii/framework/web/CController.php(1145): CFilter->filter(Object(CFilterChain))
#13 /var/www/html/yii/framework/web/filters/CInlineFilter.php(58): CController->filterAccessControl(Object(CFilterChain))
#14 /var/www/html/yii/framework/web/filters/CFilterChain.php(130): CInlineFilter->filter(Object(CFilterChain))
#15 /var/www/html/yii/framework/web/CController.php(291): CFilterChain->run()
#16 /var/www/html/yii/framework/web/CController.php(265): CController->runActionWithFilters(Object(CInlineAction), Array)
#17 /var/www/html/yii/framework/web/CWebApplication.php(282): CController->run('view')
#18 /var/www/html/yii/framework/web/CWebApplication.php(141): CWebApplication->runController('user/view')
#19 /var/www/html/yii/framework/base/CApplication.php(180): CWebApplication->processRequest()
#20 /var/www/html/smartbullet/index.php(13): CApplication->run()
#21 {main}
REQUEST_URI=/smartbullet/index.php?r=user/view&id=1
HTTP_REFERER=http://localhost/smartbullet/?r=user
---
2014/11/06 16:52:43 [error] [exception.CException] exception 'CException' with message 'UserController cannot find the requested view "//views/comment/view.php".' in /var/www/html/yii/framework/web/CController.php:878
Stack trace:
#0 /var/www/html/smartbullet/protected/views/user/view.php(175): CController->renderPartial('//views/comment...', Array)
#1 /var/www/html/yii/framework/web/CBaseController.php(126): require('/var/www/html/s...')
#2 /var/www/html/yii/framework/web/CBaseController.php(95): CBaseController->renderInternal('/var/www/html/s...', Array, true)
#3 /var/www/html/yii/framework/web/CController.php(869): CBaseController->renderFile('/var/www/html/s...', Array, true)
#4 /var/www/html/yii/framework/web/CController.php(782): CController->renderPartial('view', Array, true)
#5 /var/www/html/smartbullet/protected/controllers/UserController.php(56): CController->render('view', Array)
#6 [internal function]: UserController->actionView('1')
#7 /var/www/html/yii/framework/web/actions/CAction.php(108): ReflectionMethod->invokeArgs(Object(UserController), Array)
#8 /var/www/html/yii/framework/web/actions/CInlineAction.php(47): CAction->runWithParamsInternal(Object(UserController), Object(ReflectionMethod), Array)
#9 /var/www/html/yii/framework/web/CController.php(308): CInlineAction->runWithParams(Array)
#10 /var/www/html/yii/framework/web/filters/CFilterChain.php(133): CController->runAction(Object(CInlineAction))
#11 /var/www/html/yii/framework/web/filters/CFilter.php(40): CFilterChain->run()
#12 /var/www/html/yii/framework/web/CController.php(1145): CFilter->filter(Object(CFilterChain))
#13 /var/www/html/yii/framework/web/filters/CInlineFilter.php(58): CController->filterAccessControl(Object(CFilterChain))
#14 /var/www/html/yii/framework/web/filters/CFilterChain.php(130): CInlineFilter->filter(Object(CFilterChain))
#15 /var/www/html/yii/framework/web/CController.php(291): CFilterChain->run()
#16 /var/www/html/yii/framework/web/CController.php(265): CController->runActionWithFilters(Object(CInlineAction), Array)
#17 /var/www/html/yii/framework/web/CWebApplication.php(282): CController->run('view')
#18 /var/www/html/yii/framework/web/CWebApplication.php(141): CWebApplication->runController('user/view')
#19 /var/www/html/yii/framework/base/CApplication.php(180): CWebApplication->processRequest()
#20 /var/www/html/smartbullet/index.php(13): CApplication->run()
#21 {main}
REQUEST_URI=/smartbullet/index.php?r=user/view&id=1
HTTP_REFERER=http://localhost/smartbullet/?r=user
---
2014/11/06 16:53:04 [error] [php] Undefined variable: model (/var/www/html/smartbullet/protected/views/comment/view.php:7)
Stack trace:
#0 /var/www/html/yii/framework/web/CController.php(869): UserController->renderFile()
#1 /var/www/html/smartbullet/protected/views/user/view.php(175): UserController->renderPartial()
#2 /var/www/html/yii/framework/web/CBaseController.php(126): require()
#3 /var/www/html/yii/framework/web/CBaseController.php(95): UserController->renderInternal()
#4 /var/www/html/yii/framework/web/CController.php(869): UserController->renderFile()
#5 /var/www/html/yii/framework/web/CController.php(782): UserController->renderPartial()
#6 /var/www/html/smartbullet/protected/controllers/UserController.php(56): UserController->render()
#7 unknown(0): UserController->actionView()
#8 /var/www/html/yii/framework/web/actions/CAction.php(108): ReflectionMethod->invokeArgs()
#9 /var/www/html/yii/framework/web/actions/CInlineAction.php(47): CInlineAction->runWithParamsInternal()
#10 /var/www/html/yii/framework/web/CController.php(308): CInlineAction->runWithParams()
#11 /var/www/html/yii/framework/web/filters/CFilterChain.php(133): UserController->runAction()
#12 /var/www/html/yii/framework/web/filters/CFilter.php(40): CFilterChain->run()
#13 /var/www/html/yii/framework/web/CController.php(1145): CAccessControlFilter->filter()
#14 /var/www/html/yii/framework/web/filters/CInlineFilter.php(58): UserController->filterAccessControl()
#15 /var/www/html/yii/framework/web/filters/CFilterChain.php(130): CInlineFilter->filter()
#16 /var/www/html/yii/framework/web/CController.php(291): CFilterChain->run()
#17 /var/www/html/yii/framework/web/CController.php(265): UserController->runActionWithFilters()
#18 /var/www/html/yii/framework/web/CWebApplication.php(282): UserController->run()
#19 /var/www/html/yii/framework/web/CWebApplication.php(141): CWebApplication->runController()
#20 /var/www/html/yii/framework/base/CApplication.php(180): CWebApplication->processRequest()
#21 /var/www/html/smartbullet/index.php(13): CWebApplication->run()
REQUEST_URI=/smartbullet/index.php?r=user/view&id=1
in /var/www/html/smartbullet/protected/views/comment/view.php (7)
in /var/www/html/smartbullet/protected/views/user/view.php (175)
in /var/www/html/smartbullet/protected/controllers/UserController.php (56)
2014/11/06 16:54:14 [error] [php] Undefined variable: model (/var/www/html/smartbullet/protected/views/comment/view.php:7)
Stack trace:
#0 /var/www/html/yii/framework/web/CController.php(869): UserController->renderFile()
#1 /var/www/html/smartbullet/protected/views/user/view.php(175): UserController->renderPartial()
#2 /var/www/html/yii/framework/web/CBaseController.php(126): require()
#3 /var/www/html/yii/framework/web/CBaseController.php(95): UserController->renderInternal()
#4 /var/www/html/yii/framework/web/CController.php(869): UserController->renderFile()
#5 /var/www/html/yii/framework/web/CController.php(782): UserController->renderPartial()
#6 /var/www/html/smartbullet/protected/controllers/UserController.php(56): UserController->render()
#7 unknown(0): UserController->actionView()
#8 /var/www/html/yii/framework/web/actions/CAction.php(108): ReflectionMethod->invokeArgs()
#9 /var/www/html/yii/framework/web/actions/CInlineAction.php(47): CInlineAction->runWithParamsInternal()
#10 /var/www/html/yii/framework/web/CController.php(308): CInlineAction->runWithParams()
#11 /var/www/html/yii/framework/web/filters/CFilterChain.php(133): UserController->runAction()
#12 /var/www/html/yii/framework/web/filters/CFilter.php(40): CFilterChain->run()
#13 /var/www/html/yii/framework/web/CController.php(1145): CAccessControlFilter->filter()
#14 /var/www/html/yii/framework/web/filters/CInlineFilter.php(58): UserController->filterAccessControl()
#15 /var/www/html/yii/framework/web/filters/CFilterChain.php(130): CInlineFilter->filter()
#16 /var/www/html/yii/framework/web/CController.php(291): CFilterChain->run()
#17 /var/www/html/yii/framework/web/CController.php(265): UserController->runActionWithFilters()
#18 /var/www/html/yii/framework/web/CWebApplication.php(282): UserController->run()
#19 /var/www/html/yii/framework/web/CWebApplication.php(141): CWebApplication->runController()
#20 /var/www/html/yii/framework/base/CApplication.php(180): CWebApplication->processRequest()
#21 /var/www/html/smartbullet/index.php(13): CWebApplication->run()
REQUEST_URI=/smartbullet/index.php?r=user/view&id=1
in /var/www/html/smartbullet/protected/views/comment/view.php (7)
in /var/www/html/smartbullet/protected/views/user/view.php (175)
in /var/www/html/smartbullet/protected/controllers/UserController.php (56)
2014/11/06 17:07:10 [error] [exception.CException] exception 'CException' with message 'UserController cannot find the requested view "//comment/comment".' in /var/www/html/yii/framework/web/CController.php:878
Stack trace:
#0 /var/www/html/smartbullet/protected/views/user/view.php(175): CController->renderPartial('//comment/comme...', Array)
#1 /var/www/html/yii/framework/web/CBaseController.php(126): require('/var/www/html/s...')
#2 /var/www/html/yii/framework/web/CBaseController.php(95): CBaseController->renderInternal('/var/www/html/s...', Array, true)
#3 /var/www/html/yii/framework/web/CController.php(869): CBaseController->renderFile('/var/www/html/s...', Array, true)
#4 /var/www/html/yii/framework/web/CController.php(782): CController->renderPartial('view', Array, true)
#5 /var/www/html/smartbullet/protected/controllers/UserController.php(56): CController->render('view', Array)
#6 [internal function]: UserController->actionView('1')
#7 /var/www/html/yii/framework/web/actions/CAction.php(108): ReflectionMethod->invokeArgs(Object(UserController), Array)
#8 /var/www/html/yii/framework/web/actions/CInlineAction.php(47): CAction->runWithParamsInternal(Object(UserController), Object(ReflectionMethod), Array)
#9 /var/www/html/yii/framework/web/CController.php(308): CInlineAction->runWithParams(Array)
#10 /var/www/html/yii/framework/web/filters/CFilterChain.php(133): CController->runAction(Object(CInlineAction))
#11 /var/www/html/yii/framework/web/filters/CFilter.php(40): CFilterChain->run()
#12 /var/www/html/yii/framework/web/CController.php(1145): CFilter->filter(Object(CFilterChain))
#13 /var/www/html/yii/framework/web/filters/CInlineFilter.php(58): CController->filterAccessControl(Object(CFilterChain))
#14 /var/www/html/yii/framework/web/filters/CFilterChain.php(130): CInlineFilter->filter(Object(CFilterChain))
#15 /var/www/html/yii/framework/web/CController.php(291): CFilterChain->run()
#16 /var/www/html/yii/framework/web/CController.php(265): CController->runActionWithFilters(Object(CInlineAction), Array)
#17 /var/www/html/yii/framework/web/CWebApplication.php(282): CController->run('view')
#18 /var/www/html/yii/framework/web/CWebApplication.php(141): CWebApplication->runController('user/view')
#19 /var/www/html/yii/framework/base/CApplication.php(180): CWebApplication->processRequest()
#20 /var/www/html/smartbullet/index.php(13): CApplication->run()
#21 {main}
REQUEST_URI=/smartbullet/index.php?r=user/view&id=1
---
2014/11/06 17:22:23 [error] [exception.CException] exception 'CException' with message 'Property "Comment.id_post" is not defined.' in /var/www/html/yii/framework/base/CComponent.php:130
Stack trace:
#0 /var/www/html/yii/framework/db/ar/CActiveRecord.php(145): CComponent->__get('id_post')
#1 /var/www/html/smartbullet/protected/views/user/_comment.php(4): CActiveRecord->__get('id_post')
#2 /var/www/html/yii/framework/web/CBaseController.php(126): require('/var/www/html/s...')
#3 /var/www/html/yii/framework/web/CBaseController.php(95): CBaseController->renderInternal('/var/www/html/s...', Array, true)
#4 /var/www/html/yii/framework/web/CController.php(869): CBaseController->renderFile('/var/www/html/s...', Array, true)
#5 /var/www/html/smartbullet/protected/views/user/view.php(175): CController->renderPartial('_comment', Array)
#6 /var/www/html/yii/framework/web/CBaseController.php(126): require('/var/www/html/s...')
#7 /var/www/html/yii/framework/web/CBaseController.php(95): CBaseController->renderInternal('/var/www/html/s...', Array, true)
#8 /var/www/html/yii/framework/web/CController.php(869): CBaseController->renderFile('/var/www/html/s...', Array, true)
#9 /var/www/html/yii/framework/web/CController.php(782): CController->renderPartial('view', Array, true)
#10 /var/www/html/smartbullet/protected/controllers/UserController.php(56): CController->render('view', Array)
#11 [internal function]: UserController->actionView('1')
#12 /var/www/html/yii/framework/web/actions/CAction.php(108): ReflectionMethod->invokeArgs(Object(UserController), Array)
#13 /var/www/html/yii/framework/web/actions/CInlineAction.php(47): CAction->runWithParamsInternal(Object(UserController), Object(ReflectionMethod), Array)
#14 /var/www/html/yii/framework/web/CController.php(308): CInlineAction->runWithParams(Array)
#15 /var/www/html/yii/framework/web/filters/CFilterChain.php(133): CController->runAction(Object(CInlineAction))
#16 /var/www/html/yii/framework/web/filters/CFilter.php(40): CFilterChain->run()
#17 /var/www/html/yii/framework/web/CController.php(1145): CFilter->filter(Object(CFilterChain))
#18 /var/www/html/yii/framework/web/filters/CInlineFilter.php(58): CController->filterAccessControl(Object(CFilterChain))
#19 /var/www/html/yii/framework/web/filters/CFilterChain.php(130): CInlineFilter->filter(Object(CFilterChain))
#20 /var/www/html/yii/framework/web/CController.php(291): CFilterChain->run()
#21 /var/www/html/yii/framework/web/CController.php(265): CController->runActionWithFilters(Object(CInlineAction), Array)
#22 /var/www/html/yii/framework/web/CWebApplication.php(282): CController->run('view')
#23 /var/www/html/yii/framework/web/CWebApplication.php(141): CWebApplication->runController('user/view')
#24 /var/www/html/yii/framework/base/CApplication.php(180): CWebApplication->processRequest()
#25 /var/www/html/smartbullet/index.php(13): CApplication->run()
#26 {main}
REQUEST_URI=/smartbullet/index.php?r=user/view&id=1
---
2014/11/06 17:22:37 [error] [php] Undefined variable: id_post (/var/www/html/smartbullet/protected/views/user/_comment.php:4)
Stack trace:
#0 /var/www/html/yii/framework/web/CController.php(869): UserController->renderFile()
#1 /var/www/html/smartbullet/protected/views/user/view.php(175): UserController->renderPartial()
#2 /var/www/html/yii/framework/web/CBaseController.php(126): require()
#3 /var/www/html/yii/framework/web/CBaseController.php(95): UserController->renderInternal()
#4 /var/www/html/yii/framework/web/CController.php(869): UserController->renderFile()
#5 /var/www/html/yii/framework/web/CController.php(782): UserController->renderPartial()
#6 /var/www/html/smartbullet/protected/controllers/UserController.php(56): UserController->render()
#7 unknown(0): UserController->actionView()
#8 /var/www/html/yii/framework/web/actions/CAction.php(108): ReflectionMethod->invokeArgs()
#9 /var/www/html/yii/framework/web/actions/CInlineAction.php(47): CInlineAction->runWithParamsInternal()
#10 /var/www/html/yii/framework/web/CController.php(308): CInlineAction->runWithParams()
#11 /var/www/html/yii/framework/web/filters/CFilterChain.php(133): UserController->runAction()
#12 /var/www/html/yii/framework/web/filters/CFilter.php(40): CFilterChain->run()
#13 /var/www/html/yii/framework/web/CController.php(1145): CAccessControlFilter->filter()
#14 /var/www/html/yii/framework/web/filters/CInlineFilter.php(58): UserController->filterAccessControl()
#15 /var/www/html/yii/framework/web/filters/CFilterChain.php(130): CInlineFilter->filter()
#16 /var/www/html/yii/framework/web/CController.php(291): CFilterChain->run()
#17 /var/www/html/yii/framework/web/CController.php(265): UserController->runActionWithFilters()
#18 /var/www/html/yii/framework/web/CWebApplication.php(282): UserController->run()
#19 /var/www/html/yii/framework/web/CWebApplication.php(141): CWebApplication->runController()
#20 /var/www/html/yii/framework/base/CApplication.php(180): CWebApplication->processRequest()
#21 /var/www/html/smartbullet/index.php(13): CWebApplication->run()
REQUEST_URI=/smartbullet/index.php?r=user/view&id=1
in /var/www/html/smartbullet/protected/views/user/_comment.php (4)
in /var/www/html/smartbullet/protected/views/user/view.php (175)
in /var/www/html/smartbullet/protected/controllers/UserController.php (56)
2014/11/06 17:37:13 [error] [php] Object of class Comment could not be converted to string (/var/www/html/smartbullet/protected/views/user/view.php:182)
Stack trace:
#0 /var/www/html/yii/framework/web/CController.php(869): UserController->renderFile()
#1 /var/www/html/yii/framework/web/CController.php(782): UserController->renderPartial()
#2 /var/www/html/smartbullet/protected/controllers/UserController.php(56): UserController->render()
#3 unknown(0): UserController->actionView()
#4 /var/www/html/yii/framework/web/actions/CAction.php(108): ReflectionMethod->invokeArgs()
#5 /var/www/html/yii/framework/web/actions/CInlineAction.php(47): CInlineAction->runWithParamsInternal()
#6 /var/www/html/yii/framework/web/CController.php(308): CInlineAction->runWithParams()
#7 /var/www/html/yii/framework/web/filters/CFilterChain.php(133): UserController->runAction()
#8 /var/www/html/yii/framework/web/filters/CFilter.php(40): CFilterChain->run()
#9 /var/www/html/yii/framework/web/CController.php(1145): CAccessControlFilter->filter()
#10 /var/www/html/yii/framework/web/filters/CInlineFilter.php(58): UserController->filterAccessControl()
#11 /var/www/html/yii/framework/web/filters/CFilterChain.php(130): CInlineFilter->filter()
#12 /var/www/html/yii/framework/web/CController.php(291): CFilterChain->run()
#13 /var/www/html/yii/framework/web/CController.php(265): UserController->runActionWithFilters()
#14 /var/www/html/yii/framework/web/CWebApplication.php(282): UserController->run()
#15 /var/www/html/yii/framework/web/CWebApplication.php(141): CWebApplication->runController()
#16 /var/www/html/yii/framework/base/CApplication.php(180): CWebApplication->processRequest()
#17 /var/www/html/smartbullet/index.php(13): CWebApplication->run()
REQUEST_URI=/smartbullet/index.php?r=user/view&id=1
in /var/www/html/smartbullet/protected/views/user/view.php (182)
in /var/www/html/smartbullet/protected/controllers/UserController.php (56)
in /var/www/html/smartbullet/index.php (13)
2014/11/06 17:37:39 [error] [php] Undefined offset: 0 (/var/www/html/smartbullet/protected/views/user/view.php:182)
Stack trace:
#0 /var/www/html/yii/framework/web/CController.php(869): UserController->renderFile()
#1 /var/www/html/yii/framework/web/CController.php(782): UserController->renderPartial()
#2 /var/www/html/smartbullet/protected/controllers/UserController.php(56): UserController->render()
#3 unknown(0): UserController->actionView()
#4 /var/www/html/yii/framework/web/actions/CAction.php(108): ReflectionMethod->invokeArgs()
#5 /var/www/html/yii/framework/web/actions/CInlineAction.php(47): CInlineAction->runWithParamsInternal()
#6 /var/www/html/yii/framework/web/CController.php(308): CInlineAction->runWithParams()
#7 /var/www/html/yii/framework/web/filters/CFilterChain.php(133): UserController->runAction()
#8 /var/www/html/yii/framework/web/filters/CFilter.php(40): CFilterChain->run()
#9 /var/www/html/yii/framework/web/CController.php(1145): CAccessControlFilter->filter()
#10 /var/www/html/yii/framework/web/filters/CInlineFilter.php(58): UserController->filterAccessControl()
#11 /var/www/html/yii/framework/web/filters/CFilterChain.php(130): CInlineFilter->filter()
#12 /var/www/html/yii/framework/web/CController.php(291): CFilterChain->run()
#13 /var/www/html/yii/framework/web/CController.php(265): UserController->runActionWithFilters()
#14 /var/www/html/yii/framework/web/CWebApplication.php(282): UserController->run()
#15 /var/www/html/yii/framework/web/CWebApplication.php(141): CWebApplication->runController()
#16 /var/www/html/yii/framework/base/CApplication.php(180): CWebApplication->processRequest()
#17 /var/www/html/smartbullet/index.php(13): CWebApplication->run()
REQUEST_URI=/smartbullet/index.php?r=user/view&id=1
in /var/www/html/smartbullet/protected/views/user/view.php (182)
in /var/www/html/smartbullet/protected/controllers/UserController.php (56)
in /var/www/html/smartbullet/index.php (13)
2014/11/06 17:39:31 [error] [php] Use of undefined constant comment - assumed 'comment' (/var/www/html/smartbullet/protected/views/user/view.php:183)
Stack trace:
#0 /var/www/html/yii/framework/web/CController.php(869): UserController->renderFile()
#1 /var/www/html/yii/framework/web/CController.php(782): UserController->renderPartial()
#2 /var/www/html/smartbullet/protected/controllers/UserController.php(56): UserController->render()
#3 unknown(0): UserController->actionView()
#4 /var/www/html/yii/framework/web/actions/CAction.php(108): ReflectionMethod->invokeArgs()
#5 /var/www/html/yii/framework/web/actions/CInlineAction.php(47): CInlineAction->runWithParamsInternal()
#6 /var/www/html/yii/framework/web/CController.php(308): CInlineAction->runWithParams()
#7 /var/www/html/yii/framework/web/filters/CFilterChain.php(133): UserController->runAction()
#8 /var/www/html/yii/framework/web/filters/CFilter.php(40): CFilterChain->run()
#9 /var/www/html/yii/framework/web/CController.php(1145): CAccessControlFilter->filter()
#10 /var/www/html/yii/framework/web/filters/CInlineFilter.php(58): UserController->filterAccessControl()
#11 /var/www/html/yii/framework/web/filters/CFilterChain.php(130): CInlineFilter->filter()
#12 /var/www/html/yii/framework/web/CController.php(291): CFilterChain->run()
#13 /var/www/html/yii/framework/web/CController.php(265): UserController->runActionWithFilters()
#14 /var/www/html/yii/framework/web/CWebApplication.php(282): UserController->run()
#15 /var/www/html/yii/framework/web/CWebApplication.php(141): CWebApplication->runController()
#16 /var/www/html/yii/framework/base/CApplication.php(180): CWebApplication->processRequest()
#17 /var/www/html/smartbullet/index.php(13): CWebApplication->run()
REQUEST_URI=/smartbullet/index.php?r=user/view&id=1
in /var/www/html/smartbullet/protected/views/user/view.php (183)
in /var/www/html/smartbullet/protected/controllers/UserController.php (56)
in /var/www/html/smartbullet/index.php (13)
2014/11/06 17:45:44 [error] [php] Object of class User could not be converted to string (/var/www/html/smartbullet/protected/views/user/view.php:186)
Stack trace:
#0 /var/www/html/yii/framework/web/CController.php(869): UserController->renderFile()
#1 /var/www/html/yii/framework/web/CController.php(782): UserController->renderPartial()
#2 /var/www/html/smartbullet/protected/controllers/UserController.php(56): UserController->render()
#3 unknown(0): UserController->actionView()
#4 /var/www/html/yii/framework/web/actions/CAction.php(108): ReflectionMethod->invokeArgs()
#5 /var/www/html/yii/framework/web/actions/CInlineAction.php(47): CInlineAction->runWithParamsInternal()
#6 /var/www/html/yii/framework/web/CController.php(308): CInlineAction->runWithParams()
#7 /var/www/html/yii/framework/web/filters/CFilterChain.php(133): UserController->runAction()
#8 /var/www/html/yii/framework/web/filters/CFilter.php(40): CFilterChain->run()
#9 /var/www/html/yii/framework/web/CController.php(1145): CAccessControlFilter->filter()
#10 /var/www/html/yii/framework/web/filters/CInlineFilter.php(58): UserController->filterAccessControl()
#11 /var/www/html/yii/framework/web/filters/CFilterChain.php(130): CInlineFilter->filter()
#12 /var/www/html/yii/framework/web/CController.php(291): CFilterChain->run()
#13 /var/www/html/yii/framework/web/CController.php(265): UserController->runActionWithFilters()
#14 /var/www/html/yii/framework/web/CWebApplication.php(282): UserController->run()
#15 /var/www/html/yii/framework/web/CWebApplication.php(141): CWebApplication->runController()
#16 /var/www/html/yii/framework/base/CApplication.php(180): CWebApplication->processRequest()
#17 /var/www/html/smartbullet/index.php(13): CWebApplication->run()
REQUEST_URI=/smartbullet/index.php?r=user/view&id=1
in /var/www/html/smartbullet/protected/views/user/view.php (186)
in /var/www/html/smartbullet/protected/controllers/UserController.php (56)
in /var/www/html/smartbullet/index.php (13)
